# JRE version: OpenJDK Runtime Environment Temurin-21.0.4+7 (21.0.4+7) (build 21.0.4+7-LTS)
# Java VM: OpenJDK 64-Bit Server VM Temurin-21.0.4+7 (21.0.4+7-LTS, mixed mode, emulated-client, tiered, compressed oops, compressed class ptrs, g1 gc, windows-amd64)
GC Precious Log:
 CardTable entry size: 512
 Card Set container configuration: InlinePtr #cards 5 size 8 Array Of Cards #cards 12 size 40 Howl #buckets 4 coarsen threshold 1843 Howl Bitmap #cards 512 size 80 coarsen threshold 460 Card regions per heap region 1 cards per card region 2048
 CPUs: 8 total, 8 available
 Memory: 8029M
 Large Page Support: Disabled
 NUMA Support: Disabled
 Compressed Oops: Enabled (32-bit)
 Heap Region Size: 1M
 Heap Min Capacity: 8M
 Heap Initial Capacity: 126M
 Heap Max Capacity: 2008M
 Pre-touch: Disabled
 Parallel Workers: 8
 Concurrent Workers: 2
 Concurrent Refinement Workers: 8
 Periodic GC: Disabled
Heap:
 garbage-first heap   total 73728K, used 52172K [0x0000000082800000, 0x0000000100000000)
  region size 1024K, 32 young (32768K), 4 survivors (4096K)
 Metaspace       used 68746K, committed 69376K, reserved 1114112K
  class space    used 8946K, committed 9216K, reserved 1048576K
GC Heap History (20 events):
Event: 5.993 GC heap before
{Heap before GC invocations=12 (full 0):
 garbage-first heap   total 51200K, used 43494K [0x0000000082800000, 0x0000000100000000)
  region size 1024K, 30 young (30720K), 2 survivors (2048K)
 Metaspace       used 38424K, committed 38912K, reserved 1114112K
  class space    used 4651K, committed 4864K, reserved 1048576K
}
Event: 6.007 GC heap after
{Heap after GC invocations=13 (full 0):
 garbage-first heap   total 51200K, used 16316K [0x0000000082800000, 0x0000000100000000)
  region size 1024K, 4 young (4096K), 4 survivors (4096K)
 Metaspace       used 38424K, committed 38912K, reserved 1114112K
  class space    used 4651K, committed 4864K, reserved 1048576K
}
Event: 6.491 GC heap before
{Heap before GC invocations=13 (full 0):
 garbage-first heap   total 51200K, used 41916K [0x0000000082800000, 0x0000000100000000)
  region size 1024K, 30 young (30720K), 4 survivors (4096K)
 Metaspace       used 40795K, committed 41344K, reserved 1114112K
  class space    used 4931K, committed 5184K, reserved 1048576K
}
Event: 6.503 GC heap after
{Heap after GC invocations=14 (full 0):
 garbage-first heap   total 51200K, used 17352K [0x0000000082800000, 0x0000000100000000)
  region size 1024K, 3 young (3072K), 3 survivors (3072K)
 Metaspace       used 40795K, committed 41344K, reserved 1114112K
  class space    used 4931K, committed 5184K, reserved 1048576K
}
Event: 6.884 GC heap before
{Heap before GC invocations=14 (full 0):
 garbage-first heap   total 51200K, used 43976K [0x0000000082800000, 0x0000000100000000)
  region size 1024K, 30 young (30720K), 3 survivors (3072K)
 Metaspace       used 43194K, committed 43776K, reserved 1114112K
  class space    used 5255K, committed 5504K, reserved 1048576K
}
Event: 6.890 GC heap after
{Heap after GC invocations=15 (full 0):
 garbage-first heap   total 51200K, used 18220K [0x0000000082800000, 0x0000000100000000)
  region size 1024K, 3 young (3072K), 3 survivors (3072K)
 Metaspace       used 43194K, committed 43776K, reserved 1114112K
  class space    used 5255K, committed 5504K, reserved 1048576K
}
Event: 7.297 GC heap before
{Heap before GC invocations=15 (full 0):
 garbage-first heap   total 51200K, used 42796K [0x0000000082800000, 0x0000000100000000)
  region size 1024K, 28 young (28672K), 3 survivors (3072K)
 Metaspace       used 45809K, committed 46336K, reserved 1114112K
  class space    used 5663K, committed 5888K, reserved 1048576K
}
Event: 7.301 GC heap after
{Heap after GC invocations=16 (full 0):
 garbage-first heap   total 61440K, used 18641K [0x0000000082800000, 0x0000000100000000)
  region size 1024K, 3 young (3072K), 3 survivors (3072K)
 Metaspace       used 45809K, committed 46336K, reserved 1114112K
  class space    used 5663K, committed 5888K, reserved 1048576K
}
Event: 7.896 GC heap before
{Heap before GC invocations=16 (full 0):
 garbage-first heap   total 61440K, used 51409K [0x0000000082800000, 0x0000000100000000)
  region size 1024K, 36 young (36864K), 3 survivors (3072K)
 Metaspace       used 48845K, committed 49472K, reserved 1114112K
  class space    used 6167K, committed 6464K, reserved 1048576K
}
Event: 7.899 GC heap after
{Heap after GC invocations=17 (full 0):
 garbage-first heap   total 61440K, used 19282K [0x0000000082800000, 0x0000000100000000)
  region size 1024K, 4 young (4096K), 4 survivors (4096K)
 Metaspace       used 48845K, committed 49472K, reserved 1114112K
  class space    used 6167K, committed 6464K, reserved 1048576K
}
Event: 8.791 GC heap before
{Heap before GC invocations=17 (full 0):
 garbage-first heap   total 61440K, used 52050K [0x0000000082800000, 0x0000000100000000)
  region size 1024K, 36 young (36864K), 4 survivors (4096K)
 Metaspace       used 54907K, committed 55488K, reserved 1114112K
  class space    used 6866K, committed 7168K, reserved 1048576K
}
Event: 8.799 GC heap after
{Heap after GC invocations=18 (full 0):
 garbage-first heap   total 61440K, used 20954K [0x0000000082800000, 0x0000000100000000)
  region size 1024K, 4 young (4096K), 4 survivors (4096K)
 Metaspace       used 54907K, committed 55488K, reserved 1114112K
  class space    used 6866K, committed 7168K, reserved 1048576K
}
Event: 9.164 GC heap before
{Heap before GC invocations=18 (full 0):
 garbage-first heap   total 61440K, used 53722K [0x0000000082800000, 0x0000000100000000)
  region size 1024K, 36 young (36864K), 4 survivors (4096K)
 Metaspace       used 58011K, committed 58688K, reserved 1114112K
  class space    used 7309K, committed 7616K, reserved 1048576K
}
Event: 9.168 GC heap after
{Heap after GC invocations=19 (full 0):
 garbage-first heap   total 61440K, used 22050K [0x0000000082800000, 0x0000000100000000)
  region size 1024K, 4 young (4096K), 4 survivors (4096K)
 Metaspace       used 58011K, committed 58688K, reserved 1114112K
  class space    used 7309K, committed 7616K, reserved 1048576K
}
Event: 9.388 GC heap before
{Heap before GC invocations=19 (full 0):
 garbage-first heap   total 61440K, used 40482K [0x0000000082800000, 0x0000000100000000)
  region size 1024K, 23 young (23552K), 4 survivors (4096K)
 Metaspace       used 59779K, committed 60416K, reserved 1114112K
  class space    used 7498K, committed 7808K, reserved 1048576K
}
Event: 9.395 GC heap after
{Heap after GC invocations=20 (full 0):
 garbage-first heap   total 61440K, used 22518K [0x0000000082800000, 0x0000000100000000)
  region size 1024K, 4 young (4096K), 4 survivors (4096K)
 Metaspace       used 59779K, committed 60416K, reserved 1114112K
  class space    used 7498K, committed 7808K, reserved 1048576K
}
Event: 9.882 GC heap before
{Heap before GC invocations=21 (full 0):
 garbage-first heap   total 61440K, used 53238K [0x0000000082800000, 0x0000000100000000)
  region size 1024K, 34 young (34816K), 4 survivors (4096K)
 Metaspace       used 63635K, committed 64256K, reserved 1114112K
  class space    used 8106K, committed 8384K, reserved 1048576K
}
Event: 9.886 GC heap after
{Heap after GC invocations=22 (full 0):
 garbage-first heap   total 61440K, used 23299K [0x0000000082800000, 0x0000000100000000)
  region size 1024K, 3 young (3072K), 3 survivors (3072K)
 Metaspace       used 63635K, committed 64256K, reserved 1114112K
  class space    used 8106K, committed 8384K, reserved 1048576K
}
Event: 10.354 GC heap before
{Heap before GC invocations=22 (full 0):
 garbage-first heap   total 61440K, used 54019K [0x0000000082800000, 0x0000000100000000)
  region size 1024K, 33 young (33792K), 3 survivors (3072K)
 Metaspace       used 66431K, committed 67072K, reserved 1114112K
  class space    used 8621K, committed 8896K, reserved 1048576K
}
Event: 10.359 GC heap after
{Heap after GC invocations=23 (full 0):
 garbage-first heap   total 73728K, used 24524K [0x0000000082800000, 0x0000000100000000)
  region size 1024K, 4 young (4096K), 4 survivors (4096K)
 Metaspace       used 66431K, committed 67072K, reserved 1114112K
  class space    used 8621K, committed 8896K, reserved 1048576K
}

